# JRE version: OpenJDK Runtime Environment (8.0_242-b01) (build 1.8.0_242-release-1644-b01)
# Java VM: OpenJDK 64-Bit Server VM (25.242-b01 mixed mode windows-amd64 compressed oops)
Heap:
 PSYoungGen      total 51200K, used 34086K [0x00000000d6500000, 0x00000000daf00000, 0x0000000100000000)
  eden space 46080K, 62% used [0x00000000d6500000,0x00000000d814a240,0x00000000d9200000)
  from space 5120K, 99% used [0x00000000daa00000,0x00000000daeff7b0,0x00000000daf00000)
  to   space 5120K, 0% used [0x00000000da500000,0x00000000da500000,0x00000000daa00000)
 ParOldGen       total 79360K, used 17180K [0x0000000082e00000, 0x0000000087b80000, 0x00000000d6500000)
  object space 79360K, 21% used [0x0000000082e00000,0x0000000083ec7038,0x0000000087b80000)
 Metaspace       used 28979K, capacity 29532K, committed 29824K, reserved 1075200K
  class space    used 3685K, capacity 3856K, committed 3968K, reserved 1048576K
GC Heap History (10 events):
Event: 0.502 GC heap before
{Heap before GC invocations=1 (full 0):
 PSYoungGen      total 37888K, used 32768K [0x00000000d6500000, 0x00000000d8f00000, 0x0000000100000000)
  eden space 32768K, 100% used [0x00000000d6500000,0x00000000d8500000,0x00000000d8500000)
  from space 5120K, 0% used [0x00000000d8a00000,0x00000000d8a00000,0x00000000d8f00000)
  to   space 5120K, 0% used [0x00000000d8500000,0x00000000d8500000,0x00000000d8a00000)
 ParOldGen       total 86016K, used 0K [0x0000000082e00000, 0x0000000088200000, 0x00000000d6500000)
  object space 86016K, 0% used [0x0000000082e00000,0x0000000082e00000,0x0000000088200000)
 Metaspace       used 10204K, capacity 10394K, committed 10624K, reserved 1058816K
  class space    used 1079K, capacity 1147K, committed 1152K, reserved 1048576K
Event: 0.507 GC heap after
Heap after GC invocations=1 (full 0):
 PSYoungGen      total 37888K, used 5112K [0x00000000d6500000, 0x00000000d8f00000, 0x0000000100000000)
  eden space 32768K, 0% used [0x00000000d6500000,0x00000000d6500000,0x00000000d8500000)
  from space 5120K, 99% used [0x00000000d8500000,0x00000000d89fe340,0x00000000d8a00000)
  to   space 5120K, 0% used [0x00000000d8a00000,0x00000000d8a00000,0x00000000d8f00000)
 ParOldGen       total 86016K, used 2456K [0x0000000082e00000, 0x0000000088200000, 0x00000000d6500000)
  object space 86016K, 2% used [0x0000000082e00000,0x0000000083066158,0x0000000088200000)
 Metaspace       used 10204K, capacity 10394K, committed 10624K, reserved 1058816K
  class space    used 1079K, capacity 1147K, committed 1152K, reserved 1048576K
}
Event: 0.862 GC heap before
{Heap before GC invocations=2 (full 0):
 PSYoungGen      total 37888K, used 37880K [0x00000000d6500000, 0x00000000d8f00000, 0x0000000100000000)
  eden space 32768K, 100% used [0x00000000d6500000,0x00000000d8500000,0x00000000d8500000)
  from space 5120K, 99% used [0x00000000d8500000,0x00000000d89fe340,0x00000000d8a00000)
  to   space 5120K, 0% used [0x00000000d8a00000,0x00000000d8a00000,0x00000000d8f00000)
 ParOldGen       total 86016K, used 2456K [0x0000000082e00000, 0x0000000088200000, 0x00000000d6500000)
  object space 86016K, 2% used [0x0000000082e00000,0x0000000083066158,0x0000000088200000)
 Metaspace       used 15825K, capacity 16088K, committed 16256K, reserved 1062912K
  class space    used 1807K, capacity 1902K, committed 1920K, reserved 1048576K
Event: 0.869 GC heap after
Heap after GC invocations=2 (full 0):
 PSYoungGen      total 37888K, used 5088K [0x00000000d6500000, 0x00000000daf00000, 0x0000000100000000)
  eden space 32768K, 0% used [0x00000000d6500000,0x00000000d6500000,0x00000000d8500000)
  from space 5120K, 99% used [0x00000000d8a00000,0x00000000d8ef8020,0x00000000d8f00000)
  to   space 5120K, 0% used [0x00000000d8500000,0x00000000d8500000,0x00000000d8a00000)
 ParOldGen       total 86016K, used 7316K [0x0000000082e00000, 0x0000000088200000, 0x00000000d6500000)
  object space 86016K, 8% used [0x0000000082e00000,0x0000000083525220,0x0000000088200000)
 Metaspace       used 15825K, capacity 16088K, committed 16256K, reserved 1062912K
  class space    used 1807K, capacity 1902K, committed 1920K, reserved 1048576K
}
Event: 1.094 GC heap before
{Heap before GC invocations=3 (full 0):
 PSYoungGen      total 37888K, used 29115K [0x00000000d6500000, 0x00000000daf00000, 0x0000000100000000)
  eden space 32768K, 73% used [0x00000000d6500000,0x00000000d7c76e60,0x00000000d8500000)
  from space 5120K, 99% used [0x00000000d8a00000,0x00000000d8ef8020,0x00000000d8f00000)
  to   space 5120K, 0% used [0x00000000d8500000,0x00000000d8500000,0x00000000d8a00000)
 ParOldGen       total 86016K, used 7316K [0x0000000082e00000, 0x0000000088200000, 0x00000000d6500000)
  object space 86016K, 8% used [0x0000000082e00000,0x0000000083525220,0x0000000088200000)
 Metaspace       used 20710K, capacity 21118K, committed 21248K, reserved 1069056K
  class space    used 2380K, capacity 2515K, committed 2560K, reserved 1048576K
Event: 1.101 GC heap after
Heap after GC invocations=3 (full 0):
 PSYoungGen      total 37888K, used 5088K [0x00000000d6500000, 0x00000000daf00000, 0x0000000100000000)
  eden space 32768K, 0% used [0x00000000d6500000,0x00000000d6500000,0x00000000d8500000)
  from space 5120K, 99% used [0x00000000d8500000,0x00000000d89f8250,0x00000000d8a00000)
  to   space 5120K, 0% used [0x00000000daa00000,0x00000000daa00000,0x00000000daf00000)
 ParOldGen       total 86016K, used 17523K [0x0000000082e00000, 0x0000000088200000, 0x00000000d6500000)
  object space 86016K, 20% used [0x0000000082e00000,0x0000000083f1cf90,0x0000000088200000)
 Metaspace       used 20710K, capacity 21118K, committed 21248K, reserved 1069056K
  class space    used 2380K, capacity 2515K, committed 2560K, reserved 1048576K
}
Event: 1.101 GC heap before
{Heap before GC invocations=4 (full 1):
 PSYoungGen      total 37888K, used 5088K [0x00000000d6500000, 0x00000000daf00000, 0x0000000100000000)
  eden space 32768K, 0% used [0x00000000d6500000,0x00000000d6500000,0x00000000d8500000)
  from space 5120K, 99% used [0x00000000d8500000,0x00000000d89f8250,0x00000000d8a00000)
  to   space 5120K, 0% used [0x00000000daa00000,0x00000000daa00000,0x00000000daf00000)
 ParOldGen       total 86016K, used 17523K [0x0000000082e00000, 0x0000000088200000, 0x00000000d6500000)
  object space 86016K, 20% used [0x0000000082e00000,0x0000000083f1cf90,0x0000000088200000)
 Metaspace       used 20710K, capacity 21118K, committed 21248K, reserved 1069056K
  class space    used 2380K, capacity 2515K, committed 2560K, reserved 1048576K
Event: 1.133 GC heap after
Heap after GC invocations=4 (full 1):
 PSYoungGen      total 37888K, used 0K [0x00000000d6500000, 0x00000000daf00000, 0x0000000100000000)
  eden space 32768K, 0% used [0x00000000d6500000,0x00000000d6500000,0x00000000d8500000)
  from space 5120K, 0% used [0x00000000d8500000,0x00000000d8500000,0x00000000d8a00000)
  to   space 5120K, 0% used [0x00000000daa00000,0x00000000daa00000,0x00000000daf00000)
 ParOldGen       total 79360K, used 15137K [0x0000000082e00000, 0x0000000087b80000, 0x00000000d6500000)
  object space 79360K, 19% used [0x0000000082e00000,0x0000000083cc84e8,0x0000000087b80000)
 Metaspace       used 20710K, capacity 21118K, committed 21248K, reserved 1069056K
  class space    used 2380K, capacity 2515K, committed 2560K, reserved 1048576K
}
Event: 1.527 GC heap before
{Heap before GC invocations=5 (full 1):
 PSYoungGen      total 37888K, used 32768K [0x00000000d6500000, 0x00000000daf00000, 0x0000000100000000)
  eden space 32768K, 100% used [0x00000000d6500000,0x00000000d8500000,0x00000000d8500000)
  from space 5120K, 0% used [0x00000000d8500000,0x00000000d8500000,0x00000000d8a00000)
  to   space 5120K, 0% used [0x00000000daa00000,0x00000000daa00000,0x00000000daf00000)
 ParOldGen       total 79360K, used 15137K [0x0000000082e00000, 0x0000000087b80000, 0x00000000d6500000)
  object space 79360K, 19% used [0x0000000082e00000,0x0000000083cc84e8,0x0000000087b80000)
 Metaspace       used 24512K, capacity 24992K, committed 25088K, reserved 1071104K
  class space    used 3162K, capacity 3306K, committed 3328K, reserved 1048576K
Event: 1.534 GC heap after
Heap after GC invocations=5 (full 1):
 PSYoungGen      total 51200K, used 5117K [0x00000000d6500000, 0x00000000daf00000, 0x0000000100000000)
  eden space 46080K, 0% used [0x00000000d6500000,0x00000000d6500000,0x00000000d9200000)
  from space 5120K, 99% used [0x00000000daa00000,0x00000000daeff7b0,0x00000000daf00000)
  to   space 5120K, 0% used [0x00000000da500000,0x00000000da500000,0x00000000daa00000)
 ParOldGen       total 79360K, used 17180K [0x0000000082e00000, 0x0000000087b80000, 0x00000000d6500000)
  object space 79360K, 21% used [0x0000000082e00000,0x0000000083ec7038,0x0000000087b80000)
 Metaspace       used 24512K, capacity 24992K, committed 25088K, reserved 1071104K
  class space    used 3162K, capacity 3306K, committed 3328K, reserved 1048576K
}

